Unity Editor version:    2020.3.25f1 (9b9180224418)
Branch:                  2020.3/staging
Build type:              Release
Batch mode:              YES
macOS version:           Version 10.15.6 (Build 19G2021)
Darwin version:          19.6.0
Architecture:            x86_64
Running under Rosetta:   NO
Available memory:        8192 MB
Using pre-set license
Pro License: NO

COMMAND LINE ARGUMENTS:
/Applications/Unity/Hub/Editor/2020.3.25f1/Unity.app/Contents/MacOS/Unity
-adb2
-batchMode
-noUpm
-name
AssetImportWorker58
-projectPath
/Users/naz/Documents/GitHub/ProyectoFinalRacconVsFire/RacconVsFire
-logFile
Logs/AssetImportWorker58.log
-srvPort
51492
Successfully changed project path to: /Users/naz/Documents/GitHub/ProyectoFinalRacconVsFire/RacconVsFire
/Users/naz/Documents/GitHub/ProyectoFinalRacconVsFire/RacconVsFire
Using Asset Import Pipeline V2.
Refreshing native plugins compatible for Editor in 107.38 ms, found 2 plugins.
Preloading 0 native plugins for Editor in 0.00 ms.
Initialize engine version: 2020.3.25f1 (9b9180224418)
[Subsystems] Discovering subsystems at path /Applications/Unity/Hub/Editor/2020.3.25f1/Unity.app/Contents/Resources/UnitySubsystems
[Subsystems] Discovering subsystems at path /Users/naz/Documents/GitHub/ProyectoFinalRacconVsFire/RacconVsFire/Assets
GfxDevice: creating device client; threaded=0
2022-03-07 22:49:35.475 Unity[25548:927148] iMac preferred device: NVIDIA GeForce GT 640M (high power)
2022-03-07 22:49:35.475 Unity[25548:927148] Metal devices available: 1
2022-03-07 22:49:35.475 Unity[25548:927148] 0: NVIDIA GeForce GT 640M (high power)
2022-03-07 22:49:35.476 Unity[25548:927148] Using device NVIDIA GeForce GT 640M (high power)
Initializing Metal device caps: NVIDIA GeForce GT 640M
Initialize mono
Mono path[0] = '/Applications/Unity/Hub/Editor/2020.3.25f1/Unity.app/Contents/Managed'
Mono path[1] = '/Applications/Unity/Hub/Editor/2020.3.25f1/Unity.app/Contents/MonoBleedingEdge/lib/mono/unityjit'
Mono config path = '/Applications/Unity/Hub/Editor/2020.3.25f1/Unity.app/Contents/MonoBleedingEdge/etc'
Using monoOptions --debugger-agent=transport=dt_socket,embedding=1,server=y,suspend=n,address=127.0.0.1:56548
Begin MonoManager ReloadAssembly
Registering precompiled unity dll's ...
Register platform support module: /Applications/Unity/Hub/Editor/2020.3.25f1/Unity.app/Contents/PlaybackEngines/MacStandaloneSupport/UnityEditor.OSXStandalone.Extensions.dll
Register platform support module: /Applications/Unity/Hub/Editor/2020.3.25f1/PlaybackEngines/WindowsStandaloneSupport/UnityEditor.WindowsStandalone.Extensions.dll
Registered in 0.001049 seconds.
Native extension for WindowsStandalone target not found
Native extension for OSXStandalone target not found
Refreshing native plugins compatible for Editor in 109.97 ms, found 2 plugins.
Preloading 0 native plugins for Editor in 0.00 ms.
Mono: successfully reloaded assembly
- Completed reload, in  1.176 seconds
Domain Reload Profiling:
	ReloadAssembly (1176ms)
		BeginReloadAssembly (75ms)
			ExecutionOrderSort (0ms)
			DisableScriptedObjects (0ms)
			BackupInstance (0ms)
			ReleaseScriptingObjects (0ms)
			CreateAndSetChildDomain (1ms)
		EndReloadAssembly (970ms)
			LoadAssemblies (73ms)
			RebuildTransferFunctionScriptingTraits (0ms)
			SetupTypeCache (310ms)
			ReleaseScriptCaches (0ms)
			RebuildScriptCaches (62ms)
			SetupLoadedEditorAssemblies (455ms)
				LogAssemblyErrors (0ms)
				InitializePlatformSupportModulesInManaged (8ms)
				SetLoadedEditorAssemblies (0ms)
				RefreshPlugins (110ms)
				BeforeProcessingInitializeOnLoad (120ms)
				ProcessInitializeOnLoadAttributes (167ms)
				ProcessInitializeOnLoadMethodAttributes (49ms)
				AfterProcessingInitializeOnLoad (0ms)
				EditorAssembliesLoaded (0ms)
			ExecutionOrderSort2 (0ms)
			AwakeInstancesAfterBackupRestoration (0ms)
Platform modules already initialized, skipping
Registering precompiled user dll's ...
Registered in 0.229563 seconds.
Begin MonoManager ReloadAssembly
Native extension for WindowsStandalone target not found
Native extension for OSXStandalone target not found
Refreshing native plugins compatible for Editor in 110.37 ms, found 2 plugins.
Preloading 0 native plugins for Editor in 0.00 ms.
WARNING: RGBA Compressed ETC2 UNorm format is not supported, decompressing texture
Mono: successfully reloaded assembly
- Completed reload, in  3.181 seconds
Domain Reload Profiling:
	ReloadAssembly (3265ms)
		BeginReloadAssembly (274ms)
			ExecutionOrderSort (0ms)
			DisableScriptedObjects (9ms)
			BackupInstance (0ms)
			ReleaseScriptingObjects (0ms)
			CreateAndSetChildDomain (50ms)
		EndReloadAssembly (2882ms)
			LoadAssemblies (1037ms)
			RebuildTransferFunctionScriptingTraits (0ms)
			SetupTypeCache (694ms)
			ReleaseScriptCaches (1ms)
			RebuildScriptCaches (118ms)
			SetupLoadedEditorAssemblies (731ms)
				LogAssemblyErrors (0ms)
				InitializePlatformSupportModulesInManaged (6ms)
				SetLoadedEditorAssemblies (0ms)
				RefreshPlugins (110ms)
				BeforeProcessingInitializeOnLoad (156ms)
				ProcessInitializeOnLoadAttributes (441ms)
				ProcessInitializeOnLoadMethodAttributes (15ms)
				AfterProcessingInitializeOnLoad (2ms)
				EditorAssembliesLoaded (0ms)
			ExecutionOrderSort2 (0ms)
			AwakeInstancesAfterBackupRestoration (12ms)
Platform modules already initialized, skipping
Validating Project structure ... 1.870249 seconds.
Shader import version has changed; will reimport all shaders...
Upgrading shader files ...0.135230 seconds.
Application.AssetDatabase Initial Script Refresh Start
RefreshInfo: InitialScriptRefreshV2(NoUpdateAssetOptions) scanfilter:  ... 1 filters
RefreshProfiler: Total: 0.000ms
Application.AssetDatabase Initial Script Refresh End
Application.AssetDatabase.Refresh Start
Application.AssetDatabase.Refresh End
RefreshInfo: StopAssetImportingV2(ForceSynchronousImport) scanfilter: 
RefreshProfiler: Total: 0.000ms
WARNING: RGBA Compressed ETC2 UNorm format is not supported, decompressing texture
Launching external process: /Applications/Unity/Hub/Editor/2020.3.25f1/Unity.app/Contents/Tools/UnityShaderCompiler
Launched and connected shader compiler UnityShaderCompiler after 0.68 seconds
Initializing Unity extensions:
========================================================================
Worker process is ready to serve import requests
Refreshing native plugins compatible for Editor in 1.19 ms, found 2 plugins.
Preloading 0 native plugins for Editor in 0.00 ms.
Unloading 3383 Unused Serialized files (Serialized files now loaded: 0)
System memory in use before: 265.4 MB.
System memory in use after: 264.5 MB.

Unloading 220 unused Assets to reduce memory usage. Loaded Objects now: 3855.
Total: 6.173277 ms (FindLiveObjects: 0.384616 ms CreateObjectMapping: 0.302003 ms MarkObjects: 4.574891 ms  DeleteObjects: 0.910342 ms)

AssetImportParameters requested are different than current active one (requested -> active):
  custom:video-decoder-ogg-theora: a1e56fd34408186e4bbccfd4996cb3dc -> 
  custom:container-muxer-webm: aa71ff27fc2769a1b78a27578f13a17b -> 
  custom:container-demuxer-webm: 4f35f7cbe854078d1ac9338744f61a02 -> 
  custom:container-demuxer-ogg: 62fdf1f143b41e24485cea50d1cbac27 -> 
  custom:video-encoder-webm-vp8: eb34c28f22e8b96e1ab97ce403110664 -> 
  custom:framework-osx-AVFoundation: b23960f63f64bdc6ff669e2cdcee2391 -> 
  custom:video-decoder-webm-vp8: 9c59270c3fd7afecdb556c50c9e8de78 -> 
  custom:audio-decoder-ogg-vorbis: bf7c407c2cedff20999df2af8eb42d56 -> 
  custom:audio-encoder-webm-vorbis: bf7c407c2cedff20999df2af8eb42d56 -> 
========================================================================
Received Import Request.
  path: Assets/URP/UniversalRenderPipelineAsset_Renderer.asset
  artifactKey: Guid(cfae3612a1db647d9b7a9dba834d6f91) Importer(815301076,1909f56bfc062723c751e8b465ee728b)
Start importing Assets/URP/UniversalRenderPipelineAsset_Renderer.asset using Guid(cfae3612a1db647d9b7a9dba834d6f91) Importer(815301076,1909f56bfc062723c751e8b465ee728b)  -> (artifact id: 'dfeaf12d6755e32ca11397ee41bb04c7') in 2.706727 seconds 
  Import took 2.718325 seconds .

========================================================================
Received Import Request.
  Time since last request: 0.000438 seconds.
  path: Assets/URP/UniversalRenderPipelineAsset.asset
  artifactKey: Guid(1147ac5e080ee431eb29c1512c5c63f3) Importer(815301076,1909f56bfc062723c751e8b465ee728b)
Start importing Assets/URP/UniversalRenderPipelineAsset.asset using Guid(1147ac5e080ee431eb29c1512c5c63f3) Importer(815301076,1909f56bfc062723c751e8b465ee728b)  -> (artifact id: 'eea994c18d2082455a9fcd371353cc72') in 0.367512 seconds 
  Import took 0.375183 seconds .

========================================================================
Received Import Request.
  Time since last request: 280.417631 seconds.
  path: Assets/ProBuilder Data
  artifactKey: Guid(6a02bfae207fd4369acff73471ce7cda) Importer(815301076,1909f56bfc062723c751e8b465ee728b)
Start importing Assets/ProBuilder Data using Guid(6a02bfae207fd4369acff73471ce7cda) Importer(815301076,1909f56bfc062723c751e8b465ee728b)  -> (artifact id: 'c6febf20552ea68d46b346fb622c2c70') in 0.262282 seconds 
  Import took 0.346942 seconds .

========================================================================
Received Prepare
Switching render pipeline 00000000000000000000000000000000 -> 1147ac5e080ee431eb29c1512c5c63f3
Refreshing native plugins compatible for Editor in 692.43 ms, found 2 plugins.
Preloading 0 native plugins for Editor in 0.00 ms.
Unloading 64 Unused Serialized files (Serialized files now loaded: 0)
System memory in use before: 190.5 MB.
System memory in use after: 190.7 MB.

Unloading 16 unused Assets to reduce memory usage. Loaded Objects now: 3903.
Total: 5.117061 ms (FindLiveObjects: 0.309724 ms CreateObjectMapping: 0.169888 ms MarkObjects: 4.534633 ms  DeleteObjects: 0.101552 ms)

AssetImportParameters requested are different than current active one (requested -> active):
  custom:video-decoder-ogg-theora: a1e56fd34408186e4bbccfd4996cb3dc -> 
  custom:container-muxer-webm: aa71ff27fc2769a1b78a27578f13a17b -> 
  custom:container-demuxer-webm: 4f35f7cbe854078d1ac9338744f61a02 -> 
  custom:container-demuxer-ogg: 62fdf1f143b41e24485cea50d1cbac27 -> 
  custom:video-encoder-webm-vp8: eb34c28f22e8b96e1ab97ce403110664 -> 
  custom:framework-osx-AVFoundation: b23960f63f64bdc6ff669e2cdcee2391 -> 
  custom:video-decoder-webm-vp8: 9c59270c3fd7afecdb556c50c9e8de78 -> 
  custom:audio-decoder-ogg-vorbis: bf7c407c2cedff20999df2af8eb42d56 -> 
  custom:audio-encoder-webm-vorbis: bf7c407c2cedff20999df2af8eb42d56 -> 
========================================================================
Received Import Request.
  Time since last request: 106.128140 seconds.
  path: Assets/Assets/Mapache/RRaccoon_AC_Tex01_BM.360.jpg
  artifactKey: Guid(89eabea6607614dd19887ef98df24ea3) Importer(815301076,1909f56bfc062723c751e8b465ee728b)
Start importing Assets/Assets/Mapache/RRaccoon_AC_Tex01_BM.360.jpg using Guid(89eabea6607614dd19887ef98df24ea3) Importer(815301076,1909f56bfc062723c751e8b465ee728b)  -> (artifact id: '83bf044df669f045bfa2c15b36f13120') in 28.121853 seconds 
  Import took 28.282094 seconds .

========================================================================
Received Import Request.
  Time since last request: 0.000741 seconds.
  path: Assets/Assets/Mapache/RRaccoon_AC_Tex02_BM1.JPG
  artifactKey: Guid(c454afdc81abf4cb9ae2bb72d3615830) Importer(815301076,1909f56bfc062723c751e8b465ee728b)
Start importing Assets/Assets/Mapache/RRaccoon_AC_Tex02_BM1.JPG using Guid(c454afdc81abf4cb9ae2bb72d3615830) Importer(815301076,1909f56bfc062723c751e8b465ee728b)  -> (artifact id: '734a0f1a454675cb654165d2671d5385') in 1.084792 seconds 
  Import took 1.102899 seconds .

========================================================================
Received Import Request.
  Time since last request: 0.000361 seconds.
  path: Assets/Assets/Mapache/RRaccoon_AC_Tex01_BM1.JPG
  artifactKey: Guid(250b24f119e6f4f8694422d046b4ac6c) Importer(815301076,1909f56bfc062723c751e8b465ee728b)
Start importing Assets/Assets/Mapache/RRaccoon_AC_Tex01_BM1.JPG using Guid(250b24f119e6f4f8694422d046b4ac6c) Importer(815301076,1909f56bfc062723c751e8b465ee728b)  -> (artifact id: '0613377d7a3c2cbc275bd74432d22ccb') in 0.401151 seconds 
  Import took 0.462749 seconds .

========================================================================
Received Import Request.
  Time since last request: 37.026401 seconds.
  path: Assets/Assets/Mapache/RRaccoon_AC_Tex01_BM1.JPG
  artifactKey: Guid(250b24f119e6f4f8694422d046b4ac6c) Importer(815301076,1909f56bfc062723c751e8b465ee728b)
Start importing Assets/Assets/Mapache/RRaccoon_AC_Tex01_BM1.JPG using Guid(250b24f119e6f4f8694422d046b4ac6c) Importer(815301076,1909f56bfc062723c751e8b465ee728b)  -> (artifact id: 'f9e1b88b6de19f06c3c38cea03bf9b11') in 0.186195 seconds 
  Import took 0.234381 seconds .

========================================================================
Received Import Request.
  Time since last request: 21.000055 seconds.
  path: Assets/Assets/Mapache/RRaccoon_AC_Tex02_BM.360.jpg
  artifactKey: Guid(fc65ee51e5eee4bb7ad3eec0ab5208ee) Importer(815301076,1909f56bfc062723c751e8b465ee728b)
Start importing Assets/Assets/Mapache/RRaccoon_AC_Tex02_BM.360.jpg using Guid(fc65ee51e5eee4bb7ad3eec0ab5208ee) Importer(815301076,1909f56bfc062723c751e8b465ee728b)  -> (artifact id: '6b95515b11b2aa3902e6ded90a87ec44') in 0.164278 seconds 
  Import took 0.230511 seconds .

========================================================================
Received Import Request.
  Time since last request: 37.445583 seconds.
  path: Assets/Assets/Mapache/RRaccoon_AC_Tex02_BM1.JPG
  artifactKey: Guid(c454afdc81abf4cb9ae2bb72d3615830) Importer(815301076,1909f56bfc062723c751e8b465ee728b)
Start importing Assets/Assets/Mapache/RRaccoon_AC_Tex02_BM1.JPG using Guid(c454afdc81abf4cb9ae2bb72d3615830) Importer(815301076,1909f56bfc062723c751e8b465ee728b)  -> (artifact id: '5993f8e5ef2860470e8a953cd8adc976') in 0.243274 seconds 
  Import took 0.250697 seconds .

========================================================================
Received Import Request.
  Time since last request: 295.606217 seconds.
  path: Assets/Customizable Skybox
  artifactKey: Guid(413aaa0a4e6a44a7bbbf9572109b1f19) Importer(815301076,1909f56bfc062723c751e8b465ee728b)
Start importing Assets/Customizable Skybox using Guid(413aaa0a4e6a44a7bbbf9572109b1f19) Importer(815301076,1909f56bfc062723c751e8b465ee728b)  -> (artifact id: '11d839d8136dbeb56043832b78c37cc8') in 0.225634 seconds 
  Import took 0.368562 seconds .

========================================================================
Received Import Request.
  Time since last request: 2.973614 seconds.
  path: Assets/Customizable Skybox/Stylized Sky
  artifactKey: Guid(135450dfab8085c4ebd673f58f013df4) Importer(815301076,1909f56bfc062723c751e8b465ee728b)
Start importing Assets/Customizable Skybox/Stylized Sky using Guid(135450dfab8085c4ebd673f58f013df4) Importer(815301076,1909f56bfc062723c751e8b465ee728b)  -> (artifact id: '3d4399e9de2aac17b8f3f05fcd6d56bd') in 0.053625 seconds 
  Import took 0.077946 seconds .

========================================================================
Received Import Request.
  Time since last request: 14.735111 seconds.
  path: Assets/Customizable Skybox/Customizable Skybox Documentaion.pdf
  artifactKey: Guid(631feaddbe683ed4383934ae4201e481) Importer(815301076,1909f56bfc062723c751e8b465ee728b)
Start importing Assets/Customizable Skybox/Customizable Skybox Documentaion.pdf using Guid(631feaddbe683ed4383934ae4201e481) Importer(815301076,1909f56bfc062723c751e8b465ee728b)  -> (artifact id: 'd1ebefb6d3dbb0841203327eb110ee26') in 2.619098 seconds 
  Import took 2.712628 seconds .

========================================================================
Received Import Request.
  Time since last request: 40.691850 seconds.
  path: Assets/Skybox
  artifactKey: Guid(d6b97d03b1a2845f0a0c078db2f99f8a) Importer(815301076,1909f56bfc062723c751e8b465ee728b)
Start importing Assets/Skybox using Guid(d6b97d03b1a2845f0a0c078db2f99f8a) Importer(815301076,1909f56bfc062723c751e8b465ee728b)  -> (artifact id: '2f01fd604f3c934c8fe55c669657a371') in 0.038024 seconds 
  Import took 0.069904 seconds .

========================================================================
Received Import Request.
  Time since last request: 74.570599 seconds.
  path: Assets/Skybox/Basic Lighting Settings.lighting
  artifactKey: Guid(be96df2a4d77747c98e370789967e3bd) Importer(815301076,1909f56bfc062723c751e8b465ee728b)
Start importing Assets/Skybox/Basic Lighting Settings.lighting using Guid(be96df2a4d77747c98e370789967e3bd) Importer(815301076,1909f56bfc062723c751e8b465ee728b)  -> (artifact id: 'ca8c705d8570a05c833f7d1cf196430c') in 0.491160 seconds 
  Import took 0.518226 seconds .

========================================================================
Received Prepare
Registering precompiled user dll's ...
Registered in 0.176368 seconds.
Begin MonoManager ReloadAssembly
Native extension for WindowsStandalone target not found
Native extension for OSXStandalone target not found
Refreshing native plugins compatible for Editor in 0.90 ms, found 2 plugins.
Preloading 0 native plugins for Editor in 0.00 ms.
Mono: successfully reloaded assembly
- Completed reload, in  3.825 seconds
Domain Reload Profiling:
	ReloadAssembly (3830ms)
		BeginReloadAssembly (369ms)
			ExecutionOrderSort (0ms)
			DisableScriptedObjects (13ms)
			BackupInstance (0ms)
			ReleaseScriptingObjects (0ms)
			CreateAndSetChildDomain (184ms)
		EndReloadAssembly (3339ms)
			LoadAssemblies (1136ms)
			RebuildTransferFunctionScriptingTraits (0ms)
			SetupTypeCache (763ms)
			ReleaseScriptCaches (2ms)
			RebuildScriptCaches (97ms)
			SetupLoadedEditorAssemblies (862ms)
				LogAssemblyErrors (0ms)
				InitializePlatformSupportModulesInManaged (7ms)
				SetLoadedEditorAssemblies (1ms)
				RefreshPlugins (1ms)
				BeforeProcessingInitializeOnLoad (259ms)
				ProcessInitializeOnLoadAttributes (477ms)
				ProcessInitializeOnLoadMethodAttributes (113ms)
				AfterProcessingInitializeOnLoad (3ms)
				EditorAssembliesLoaded (1ms)
			ExecutionOrderSort2 (0ms)
			AwakeInstancesAfterBackupRestoration (19ms)
Platform modules already initialized, skipping
Switching build target platform(2) subTarget(0) extendedPlatform(0) -> platform(13) subTarget(537395200) extendedPlatform(0)
Switching render pipeline 00000000000000000000000000000000 -> 1147ac5e080ee431eb29c1512c5c63f3
Refreshing native plugins compatible for Editor in 0.85 ms, found 2 plugins.
Preloading 0 native plugins for Editor in 0.00 ms.
Unloading 3287 Unused Serialized files (Serialized files now loaded: 0)
System memory in use before: 270.4 MB.
System memory in use after: 270.6 MB.

Unloading 20 unused Assets to reduce memory usage. Loaded Objects now: 3911.
Total: 6.729066 ms (FindLiveObjects: 0.374266 ms CreateObjectMapping: 0.201559 ms MarkObjects: 6.044785 ms  DeleteObjects: 0.107093 ms)

AssetImportParameters requested are different than current active one (requested -> active):
  custom:video-decoder-ogg-theora: a1e56fd34408186e4bbccfd4996cb3dc -> 
  custom:container-muxer-webm: aa71ff27fc2769a1b78a27578f13a17b -> 
  custom:container-demuxer-webm: 4f35f7cbe854078d1ac9338744f61a02 -> 
  custom:container-demuxer-ogg: 62fdf1f143b41e24485cea50d1cbac27 -> 
  custom:video-encoder-webm-vp8: eb34c28f22e8b96e1ab97ce403110664 -> 
  custom:framework-osx-AVFoundation: b23960f63f64bdc6ff669e2cdcee2391 -> 
  custom:video-decoder-webm-vp8: 9c59270c3fd7afecdb556c50c9e8de78 -> 
  custom:graphics/normal-map-encoding: 01000000000000000000000000000000 -> 02000000000000000000000000000000
  custom:audio-decoder-ogg-vorbis: bf7c407c2cedff20999df2af8eb42d56 -> 
  custom:audio-encoder-webm-vorbis: bf7c407c2cedff20999df2af8eb42d56 -> 
========================================================================
Received Prepare
Registering precompiled user dll's ...
Registered in 0.539214 seconds.
Begin MonoManager ReloadAssembly
Native extension for WindowsStandalone target not found
Native extension for OSXStandalone target not found
Refreshing native plugins compatible for Editor in 0.87 ms, found 2 plugins.
Preloading 0 native plugins for Editor in 0.00 ms.
Mono: successfully reloaded assembly
- Completed reload, in  3.542 seconds
Domain Reload Profiling:
	ReloadAssembly (3559ms)
		BeginReloadAssembly (412ms)
			ExecutionOrderSort (0ms)
			DisableScriptedObjects (13ms)
			BackupInstance (0ms)
			ReleaseScriptingObjects (0ms)
			CreateAndSetChildDomain (184ms)
		EndReloadAssembly (3008ms)
			LoadAssemblies (903ms)
			RebuildTransferFunctionScriptingTraits (0ms)
			SetupTypeCache (786ms)
			ReleaseScriptCaches (2ms)
			RebuildScriptCaches (96ms)
			SetupLoadedEditorAssemblies (800ms)
				LogAssemblyErrors (0ms)
				InitializePlatformSupportModulesInManaged (6ms)
				SetLoadedEditorAssemblies (1ms)
				RefreshPlugins (1ms)
				BeforeProcessingInitializeOnLoad (254ms)
				ProcessInitializeOnLoadAttributes (455ms)
				ProcessInitializeOnLoadMethodAttributes (79ms)
				AfterProcessingInitializeOnLoad (3ms)
				EditorAssembliesLoaded (0ms)
			ExecutionOrderSort2 (0ms)
			AwakeInstancesAfterBackupRestoration (19ms)
Platform modules already initialized, skipping
Switching build target platform(2) subTarget(0) extendedPlatform(0) -> platform(13) subTarget(537395200) extendedPlatform(0)
Refreshing native plugins compatible for Editor in 0.88 ms, found 2 plugins.
Preloading 0 native plugins for Editor in 0.00 ms.
Unloading 3351 Unused Serialized files (Serialized files now loaded: 0)
System memory in use before: 272.7 MB.
System memory in use after: 272.8 MB.

Unloading 22 unused Assets to reduce memory usage. Loaded Objects now: 3974.
Total: 6.035020 ms (FindLiveObjects: 0.440280 ms CreateObjectMapping: 0.394888 ms MarkObjects: 4.970260 ms  DeleteObjects: 0.228065 ms)

AssetImportParameters requested are different than current active one (requested -> active):
  custom:video-decoder-ogg-theora: a1e56fd34408186e4bbccfd4996cb3dc -> 
  custom:container-muxer-webm: aa71ff27fc2769a1b78a27578f13a17b -> 
  custom:container-demuxer-webm: 4f35f7cbe854078d1ac9338744f61a02 -> 
  custom:container-demuxer-ogg: 62fdf1f143b41e24485cea50d1cbac27 -> 
  custom:video-encoder-webm-vp8: eb34c28f22e8b96e1ab97ce403110664 -> 
  custom:framework-osx-AVFoundation: b23960f63f64bdc6ff669e2cdcee2391 -> 
  custom:video-decoder-webm-vp8: 9c59270c3fd7afecdb556c50c9e8de78 -> 
  custom:graphics/normal-map-encoding: 01000000000000000000000000000000 -> 02000000000000000000000000000000
  custom:audio-decoder-ogg-vorbis: bf7c407c2cedff20999df2af8eb42d56 -> 
  custom:audio-encoder-webm-vorbis: bf7c407c2cedff20999df2af8eb42d56 -> 
========================================================================
Received Import Request.
  Time since last request: 2264.840102 seconds.
  path: Assets/BOXOPHOBIC/Skybox Cubemap Extended/Core
  artifactKey: Guid(18556335e32be764885bcf0a6824be6d) Importer(815301076,1909f56bfc062723c751e8b465ee728b)
Start importing Assets/BOXOPHOBIC/Skybox Cubemap Extended/Core using Guid(18556335e32be764885bcf0a6824be6d) Importer(815301076,1909f56bfc062723c751e8b465ee728b)  -> (artifact id: '52df77cc272cbf1429b3b51194a59d67') in 0.010867 seconds 
  Import took 0.020229 seconds .

========================================================================
Received Import Request.
  Time since last request: 4.492727 seconds.
  path: Assets/BOXOPHOBIC/Skybox Cubemap Extended/Demo
  artifactKey: Guid(de9e928d9c90c1d43a73ded89b05d1cd) Importer(815301076,1909f56bfc062723c751e8b465ee728b)
Start importing Assets/BOXOPHOBIC/Skybox Cubemap Extended/Demo using Guid(de9e928d9c90c1d43a73ded89b05d1cd) Importer(815301076,1909f56bfc062723c751e8b465ee728b)  -> (artifact id: '7a1f284fe644b280ac8b6c45e6c1b938') in 0.001365 seconds 
  Import took 0.008879 seconds .

========================================================================
Received Import Request.
  Time since last request: 4.007518 seconds.
  path: Assets/BOXOPHOBIC/User
  artifactKey: Guid(f0aa5379d96b0e14795df45a380643fb) Importer(815301076,1909f56bfc062723c751e8b465ee728b)
Start importing Assets/BOXOPHOBIC/User using Guid(f0aa5379d96b0e14795df45a380643fb) Importer(815301076,1909f56bfc062723c751e8b465ee728b)  -> (artifact id: 'cf7ef8d957450ffe5554deb1f501899d') in 0.001515 seconds 
  Import took 0.031111 seconds .

========================================================================
Received Import Request.
  Time since last request: 2.606725 seconds.
  path: Assets/BOXOPHOBIC/Skybox Cubemap Extended/Core/Editor
  artifactKey: Guid(ddf355b9eb6a03a4dbd8990fd7311be1) Importer(815301076,1909f56bfc062723c751e8b465ee728b)
Start importing Assets/BOXOPHOBIC/Skybox Cubemap Extended/Core/Editor using Guid(ddf355b9eb6a03a4dbd8990fd7311be1) Importer(815301076,1909f56bfc062723c751e8b465ee728b)  -> (artifact id: 'ce89910886abc4570d77d607c9bc4dd1') in 0.001599 seconds 
  Import took 0.010263 seconds .

========================================================================
Received Import Request.
  Time since last request: 2.258066 seconds.
  path: Assets/BOXOPHOBIC/Skybox Cubemap Extended/Core/Editor/Boxophobic.SkyboxCubemapExtended.Editor.asmdef
  artifactKey: Guid(29bc400970c5066438cbde7676418b75) Importer(815301076,1909f56bfc062723c751e8b465ee728b)
Start importing Assets/BOXOPHOBIC/Skybox Cubemap Extended/Core/Editor/Boxophobic.SkyboxCubemapExtended.Editor.asmdef using Guid(29bc400970c5066438cbde7676418b75) Importer(815301076,1909f56bfc062723c751e8b465ee728b)  -> (artifact id: '27129d603556971b868a7e6fd1116653') in 0.340003 seconds 
  Import took 0.351581 seconds .

========================================================================
Received Import Request.
  Time since last request: 0.687654 seconds.
  path: Assets/BOXOPHOBIC/Skybox Cubemap Extended/Core/Editor/SkyboxExtendedHub.cs
  artifactKey: Guid(749c07eaa2f91bc4f81ccd7adddcb723) Importer(815301076,1909f56bfc062723c751e8b465ee728b)
Start importing Assets/BOXOPHOBIC/Skybox Cubemap Extended/Core/Editor/SkyboxExtendedHub.cs using Guid(749c07eaa2f91bc4f81ccd7adddcb723) Importer(815301076,1909f56bfc062723c751e8b465ee728b)  -> (artifact id: '3396bff853a59b1b567fde15bc881165') in 0.765972 seconds 
  Import took 0.778645 seconds .

========================================================================
Received Import Request.
  Time since last request: 4.535148 seconds.
  path: Assets/BOXOPHOBIC/Skybox Cubemap Extended/Core/Editor/Version.asset
  artifactKey: Guid(cb530898cc05d744da0941d6160f7b92) Importer(815301076,1909f56bfc062723c751e8b465ee728b)
Start importing Assets/BOXOPHOBIC/Skybox Cubemap Extended/Core/Editor/Version.asset using Guid(cb530898cc05d744da0941d6160f7b92) Importer(815301076,1909f56bfc062723c751e8b465ee728b)  -> (artifact id: '5e1a4bc41d85fc78f90eb728abab1a62') in 0.029660 seconds 
  Import took 0.060010 seconds .

========================================================================
Received Import Request.
  Time since last request: 1.527491 seconds.
  path: Assets/BOXOPHOBIC/Skybox Cubemap Extended/Core/Functions
  artifactKey: Guid(7f2ce50d7f6bdaa4c9b0717b74137465) Importer(815301076,1909f56bfc062723c751e8b465ee728b)
Start importing Assets/BOXOPHOBIC/Skybox Cubemap Extended/Core/Functions using Guid(7f2ce50d7f6bdaa4c9b0717b74137465) Importer(815301076,1909f56bfc062723c751e8b465ee728b)  -> (artifact id: '69f28bcfef23a737e47edba105dda36b') in 0.001345 seconds 
  Import took 0.010697 seconds .

========================================================================
Received Import Request.
  Time since last request: 1647.867945 seconds.
  path: Assets/URP/UniversalRenderPipelineAsset.asset
  artifactKey: Guid(1147ac5e080ee431eb29c1512c5c63f3) Importer(815301076,1909f56bfc062723c751e8b465ee728b)
Start importing Assets/URP/UniversalRenderPipelineAsset.asset using Guid(1147ac5e080ee431eb29c1512c5c63f3) Importer(815301076,1909f56bfc062723c751e8b465ee728b)  -> (artifact id: '3f95dd85338c286d5f85010589bb80fe') in 0.027932 seconds 
  Import took 0.125866 seconds .

========================================================================
Received Prepare
Registering precompiled user dll's ...
Registered in 0.796637 seconds.
Begin MonoManager ReloadAssembly
Native extension for WindowsStandalone target not found
Native extension for OSXStandalone target not found
Refreshing native plugins compatible for Editor in 0.85 ms, found 2 plugins.
Preloading 0 native plugins for Editor in 0.00 ms.
Mono: successfully reloaded assembly
- Completed reload, in  4.937 seconds
Domain Reload Profiling:
	ReloadAssembly (4940ms)
		BeginReloadAssembly (462ms)
			ExecutionOrderSort (0ms)
			DisableScriptedObjects (12ms)
			BackupInstance (0ms)
			ReleaseScriptingObjects (0ms)
			CreateAndSetChildDomain (186ms)
		EndReloadAssembly (4356ms)
			LoadAssemblies (1639ms)
			RebuildTransferFunctionScriptingTraits (0ms)
			SetupTypeCache (731ms)
			ReleaseScriptCaches (2ms)
			RebuildScriptCaches (99ms)
			SetupLoadedEditorAssemblies (1141ms)
				LogAssemblyErrors (0ms)
				InitializePlatformSupportModulesInManaged (6ms)
				SetLoadedEditorAssemblies (1ms)
				RefreshPlugins (1ms)
				BeforeProcessingInitializeOnLoad (258ms)
				ProcessInitializeOnLoadAttributes (665ms)
				ProcessInitializeOnLoadMethodAttributes (208ms)
				AfterProcessingInitializeOnLoad (2ms)
				EditorAssembliesLoaded (0ms)
			ExecutionOrderSort2 (0ms)
			AwakeInstancesAfterBackupRestoration (18ms)
Platform modules already initialized, skipping
Switching build target platform(2) subTarget(0) extendedPlatform(0) -> platform(13) subTarget(537395200) extendedPlatform(0)
Refreshing native plugins compatible for Editor in 0.94 ms, found 2 plugins.
Preloading 0 native plugins for Editor in 0.00 ms.
Unloading 3352 Unused Serialized files (Serialized files now loaded: 0)
System memory in use before: 281.3 MB.
System memory in use after: 281.3 MB.

Unloading 22 unused Assets to reduce memory usage. Loaded Objects now: 3977.
Total: 5.069787 ms (FindLiveObjects: 0.340054 ms CreateObjectMapping: 0.170071 ms MarkObjects: 4.338862 ms  DeleteObjects: 0.219469 ms)

AssetImportParameters requested are different than current active one (requested -> active):
  custom:video-decoder-ogg-theora: a1e56fd34408186e4bbccfd4996cb3dc -> 
  custom:container-muxer-webm: aa71ff27fc2769a1b78a27578f13a17b -> 
  custom:container-demuxer-webm: 4f35f7cbe854078d1ac9338744f61a02 -> 
  custom:container-demuxer-ogg: 62fdf1f143b41e24485cea50d1cbac27 -> 
  custom:video-encoder-webm-vp8: eb34c28f22e8b96e1ab97ce403110664 -> 
  custom:framework-osx-AVFoundation: b23960f63f64bdc6ff669e2cdcee2391 -> 
  custom:video-decoder-webm-vp8: 9c59270c3fd7afecdb556c50c9e8de78 -> 
  custom:graphics/normal-map-encoding: 01000000000000000000000000000000 -> 02000000000000000000000000000000
  custom:audio-decoder-ogg-vorbis: bf7c407c2cedff20999df2af8eb42d56 -> 
  custom:audio-encoder-webm-vorbis: bf7c407c2cedff20999df2af8eb42d56 -> 
========================================================================
Received Import Request.
  Time since last request: 28073.001678 seconds.
  path: Assets/Assets/Assets_AngryLog
  artifactKey: Guid(e30453c99be5f4978abb97753265d338) Importer(815301076,1909f56bfc062723c751e8b465ee728b)
Start importing Assets/Assets/Assets_AngryLog using Guid(e30453c99be5f4978abb97753265d338) Importer(815301076,1909f56bfc062723c751e8b465ee728b)  -> (artifact id: '46ea07bfea763c72b0525f8a5f6acb82') in 0.371071 seconds 
  Import took 0.487567 seconds .

========================================================================
Received Import Request.
  Time since last request: 170.369099 seconds.
  path: Assets/Assets/Mapache/Rifle Aim To Down.fbx
  artifactKey: Guid(5073b44478bed4ead88c5f92835fe86b) Importer(815301076,1909f56bfc062723c751e8b465ee728b)
Start importing Assets/Assets/Mapache/Rifle Aim To Down.fbx using Guid(5073b44478bed4ead88c5f92835fe86b) Importer(815301076,1909f56bfc062723c751e8b465ee728b)  -> (artifact id: 'c3b1953951a96c09e1a2d30155cae20b') in 0.953893 seconds 
  Import took 0.969276 seconds .

========================================================================
Received Import Request.
  Time since last request: 160.109160 seconds.
  path: Assets/Assets/Characters/MapacheAnimatorController.controller
  artifactKey: Guid(6c19bac324abe4ea6bf9b3bed76d92de) Importer(815301076,1909f56bfc062723c751e8b465ee728b)
Start importing Assets/Assets/Characters/MapacheAnimatorController.controller using Guid(6c19bac324abe4ea6bf9b3bed76d92de) Importer(815301076,1909f56bfc062723c751e8b465ee728b)  -> (artifact id: '99fe941c2201bf90c6eaa289c9fb757f') in 0.313562 seconds 
  Import took 0.341878 seconds .

========================================================================
Received Import Request.
  Time since last request: 345.183215 seconds.
  path: Assets/Assets/Mapache/Rifle Run.fbx
  artifactKey: Guid(55c863d4759b349f08c8f77ca9a63e49) Importer(815301076,1909f56bfc062723c751e8b465ee728b)
Start importing Assets/Assets/Mapache/Rifle Run.fbx using Guid(55c863d4759b349f08c8f77ca9a63e49) Importer(815301076,1909f56bfc062723c751e8b465ee728b)  -> (artifact id: '1bfa346a1dafe18adf1ded2dd46f0aac') in 0.164785 seconds 
  Import took 0.172745 seconds .

========================================================================
Received Prepare
Registering precompiled user dll's ...
Registered in 0.149992 seconds.
Begin MonoManager ReloadAssembly
Native extension for WindowsStandalone target not found
Native extension for OSXStandalone target not found
Refreshing native plugins compatible for Editor in 1.04 ms, found 2 plugins.
Preloading 0 native plugins for Editor in 0.00 ms.
Mono: successfully reloaded assembly
- Completed reload, in  3.967 seconds
Domain Reload Profiling:
	ReloadAssembly (3968ms)
		BeginReloadAssembly (334ms)
			ExecutionOrderSort (0ms)
			DisableScriptedObjects (11ms)
			BackupInstance (0ms)
			ReleaseScriptingObjects (0ms)
			CreateAndSetChildDomain (203ms)
		EndReloadAssembly (3481ms)
			LoadAssemblies (1135ms)
			RebuildTransferFunctionScriptingTraits (0ms)
			SetupTypeCache (870ms)
			ReleaseScriptCaches (2ms)
			RebuildScriptCaches (93ms)
			SetupLoadedEditorAssemblies (890ms)
				LogAssemblyErrors (0ms)
				InitializePlatformSupportModulesInManaged (53ms)
				SetLoadedEditorAssemblies (1ms)
				RefreshPlugins (1ms)
				BeforeProcessingInitializeOnLoad (258ms)
				ProcessInitializeOnLoadAttributes (485ms)
				ProcessInitializeOnLoadMethodAttributes (88ms)
				AfterProcessingInitializeOnLoad (3ms)
				EditorAssembliesLoaded (0ms)
			ExecutionOrderSort2 (0ms)
			AwakeInstancesAfterBackupRestoration (19ms)
Platform modules already initialized, skipping
Switching build target platform(2) subTarget(0) extendedPlatform(0) -> platform(13) subTarget(537395200) extendedPlatform(0)
Refreshing native plugins compatible for Editor in 0.92 ms, found 2 plugins.
Preloading 0 native plugins for Editor in 0.00 ms.
Unloading 3351 Unused Serialized files (Serialized files now loaded: 0)
System memory in use before: 289.8 MB.
System memory in use after: 289.9 MB.

Unloading 22 unused Assets to reduce memory usage. Loaded Objects now: 3979.
Total: 5.564141 ms (FindLiveObjects: 0.432684 ms CreateObjectMapping: 0.350065 ms MarkObjects: 4.587725 ms  DeleteObjects: 0.192404 ms)

AssetImportParameters requested are different than current active one (requested -> active):
  custom:video-decoder-ogg-theora: a1e56fd34408186e4bbccfd4996cb3dc -> 
  custom:container-muxer-webm: aa71ff27fc2769a1b78a27578f13a17b -> 
  custom:container-demuxer-webm: 4f35f7cbe854078d1ac9338744f61a02 -> 
  custom:container-demuxer-ogg: 62fdf1f143b41e24485cea50d1cbac27 -> 
  custom:video-encoder-webm-vp8: eb34c28f22e8b96e1ab97ce403110664 -> 
  custom:framework-osx-AVFoundation: b23960f63f64bdc6ff669e2cdcee2391 -> 
  custom:video-decoder-webm-vp8: 9c59270c3fd7afecdb556c50c9e8de78 -> 
  custom:graphics/normal-map-encoding: 01000000000000000000000000000000 -> 02000000000000000000000000000000
  custom:audio-decoder-ogg-vorbis: bf7c407c2cedff20999df2af8eb42d56 -> 
  custom:audio-encoder-webm-vorbis: bf7c407c2cedff20999df2af8eb42d56 -> 
